<?xml version="1.0" encoding="UTF-8"?>
<!-- Generated by org.testng.reporters.JUnitXMLReporter -->
<testsuite hostname="DESKTOP-6E7JKDN" name="Default test" tests="9" failures="0" timestamp="18 May 2022 20:09:26 GMT" time="19.365" errors="0">
  <testcase name="postRequestUsingFile" time="3.997" classname="shettyAcademy.UpdateRequest"/>
  <testcase name="updateRequest" time="4.609" classname="shettyAcademy.UpdateRequest"/>
  <testcase name="postRequestUsingFile" time="1.176" classname="extendedReport.ExtentListeners"/>
  <testcase name="createPlaceId" time="0.001" classname="com.CTS.StripeRestAssuredAPI.CreatePlaceId"/>
  <testcase name="postRequestUsingFile" time="1.151" classname="shettyAcademy.GetRequest"/>
  <testcase name="getRequest" time="2.471" classname="shettyAcademy.GetRequest"/>
  <testcase name="deleteRequest" time="3.659" classname="shettyAcademy.DeleteRequest"/>
  <testcase name="postRequestUsingFile" time="1.137" classname="shettyAcademy.DeleteRequest"/>
  <testcase name="postRequestUsingFile" time="1.143" classname="shettyAcademy.PostRequestUsingFile"/>
</testsuite> <!-- Default test -->
