<?xml version="1.0" encoding="UTF-8"?>
<!-- Generated by org.testng.reporters.JUnitXMLReporter -->
<testsuite hostname="DESKTOP-6E7JKDN" name="Default test" tests="5" failures="0" timestamp="18 May 2022 15:30:53 GMT" time="9.115" errors="0">
  <testcase name="updateRequest" time="4.299" classname="shettyAcademy.UpdateRequest"/>
  <testcase name="deleteRequest" time="1.214" classname="shettyAcademy.DeleteRequest"/>
  <testcase name="createPlaceId" time="0.001" classname="com.CTS.StripeRestAssuredAPI.CreatePlaceId"/>
  <testcase name="getRequest" time="2.396" classname="shettyAcademy.GetRequest"/>
  <testcase name="postRequestUsingFile" time="1.189" classname="shettyAcademy.PostRequestUsingFile"/>
</testsuite> <!-- Default test -->
