<?xml version="1.0" encoding="UTF-8"?>
<testng-results skipped="0" failed="0" total="1" passed="1">
  <reporter-output>
  </reporter-output>
  <suite name="Default suite" duration-ms="10934" started-at="2022-04-26T18:48:01Z" finished-at="2022-04-26T18:48:12Z">
    <groups>
    </groups>
    <test name="Default test" duration-ms="10934" started-at="2022-04-26T18:48:01Z" finished-at="2022-04-26T18:48:12Z">
      <class name="shettyAcademy.PostRequest2">
        <test-method status="PASS" signature="postRequest()[pri:0, instance:shettyAcademy.PostRequest2@d7b1517]" name="postRequest" duration-ms="10913" started-at="2022-04-26T14:48:01Z" finished-at="2022-04-26T14:48:12Z">
          <reporter-output>
          </reporter-output>
        </test-method> <!-- postRequest -->
      </class> <!-- shettyAcademy.PostRequest2 -->
    </test> <!-- Default test -->
  </suite> <!-- Default suite -->
</testng-results>
